Out[4]: <networkx.classes.graph.Graph at 0x1283e4f20>
Out[5]: 
{'graph': {},
 '_node': {0: {'string_labels': 'Fuc',
   'Monosaccharide': 'Fuc(a1-3)',
   'Mean Score': 1.8676189828198404,
   'Median Score': 1.8176706893136725,
   'Weighted Score': 1.9261586474572951,
   'weighted_mean_flexibility': 16.641286591340865},
  1: {'string_labels': 'a1-2'},
  2: {'string_labels': 'Gal',
   'Monosaccharide': 'Fuc(a1-2)',
   'Mean Score': 1.9629103216109798,
   'Median Score': 2.0159400925040245,
   'Weighted Score': 1.94111501673313,
   'weighted_mean_flexibility': 20.127824177582237},
  3: {'string_labels': 'b1-4'},
  4: {'string_labels': 'Fuc',
   'Monosaccharide': 'Gal(b1-4)',
   'Mean Score': 1.7647929069120436,
   'Median Score': 1.7578037350904197,
   'Weighted Score': 1.7861381799561076,
   'weighted_mean_flexibility': 15.575945445455453},
  5: {'string_labels': 'a1-3'},
  6: {'string_labels': 'GlcNAc',
   'Monosaccharide': 'GlcNAc(b1-3)',
   'Mean Score': 1.6338292866479605,
   'Median Score': 1.6407650627661496,
   'Weighted Score': 1.59215364100916,
   'weighted_mean_flexibility': 10.98267171282872},
  7: {'string_labels': 'b1-3'},
  8: {'string_labels': 'Fuc',
   'Monosaccharide': 'Fuc(a1-3)',
   'Mean Score': 1.81364550429862,
   'Median Score': 1.891440232633613,
   'Weighted Score': 1.8669023368021382,
   'weighted_mean_flexibility': 22.883701009899013},
  9: {'string_labels': 'a1-3'},
  10: {'string_labels': 'Gal',
   'Monosaccharide': 'Gal(b1-4)',
   'Mean Score': 2.1178403232130223,
   'Median Score': 2.1259297977085225,
   'Weighted Score': 2.1429253625935147,
   'weighted_mean_flexibility': 21.138903229677034},
  11: {'string_labels': 'b1-4'},
  12: {'string_labels': 'GlcNAc',
   'Monosaccharide': 'GlcNAc(b1-6)',
   'Mean Score': 1.773262549820356,
   'Median Score': 1.6837695762515068,
   'Weighted Score': 1.7021496458169612,
   'weighted_mean_flexibility': 17.064866673332663},
  13: {'string_labels': 'b1-6'},
  14: {'string_labels': 'Gal',
   'Monosaccharide': 'Gal(b1-4)',
   'Mean Score': 1.0813572494313122,
   'Median Score': 1.0846662780968472,
   'Weighted Score': 1.0457681036238264,
   'weighted_mean_flexibility': 6.275166123387661},
  15: {'string_labels': 'b1-4'},
  16: {'string_labels': 'Glc',
   'Monosaccharide': 'Glc(b1-1)',
   'Mean Score': 2.0514767858432608,
   'Median Score': 2.244769612327218,
   'Weighted Score': 2.128792897366927,
   'weighted_mean_flexibility': 12.17857534246575}},
 '_adj': {0: {1: {}},
  1: {0: {}, 2: {}},
  2: {1: {}, 3: {}},
  3: {2: {}, 6: {}},
  4: {5: {}},
  5: {4: {}, 6: {}},
  6: {3: {}, 5: {}, 7: {}},
  7: {6: {}, 14: {}},
  8: {9: {}},
  9: {8: {}, 12: {}},
  10: {11: {}},
  11: {10: {}, 12: {}},
  12: {9: {}, 11: {}, 13: {}},
  13: {12: {}, 14: {}},
  14: {7: {}, 13: {}, 15: {}},
  15: {14: {}, 16: {}},
  16: {15: {}}},
 '__networkx_cache__': {},
 'edges': EdgeView([(0, 1), (1, 2), (2, 3), (3, 6), (4, 5), (5, 6), (6, 7), (7, 14), (8, 9), (9, 12), (10, 11), (11, 12), (12, 13), (13, 14), (14, 15), (15, 16)]),
 'nodes': NodeView((0, 1, 2, 3, 4, 5, 6, 7, 8, 9, 10, 11, 12, 13, 14, 15, 16))}
